2021-09-08 14:16:24,816 [      0]   INFO -        #com.intellij.idea.Main - ------------------------------------------------------ IDE STARTED ------------------------------------------------------ 
2021-09-08 14:16:24,837 [     21]   INFO - llij.ide.gdpr.EndUserAgreement - euaCommunity: /home/matus/.local/share/JetBrains/PrivacyPolicy/euaCommunity.cached 
2021-09-08 14:16:25,203 [    387]   INFO -        #com.intellij.idea.Main - IDE: IntelliJ IDEA (build #IC-212.5080.55, 24 Aug 2021 05:47) 
2021-09-08 14:16:25,212 [    396]   INFO -        #com.intellij.idea.Main - OS: Linux (5.11.0-27-generic, amd64) 
2021-09-08 14:16:25,237 [    421]   INFO -        #com.intellij.idea.Main - JRE: 11.0.11+9-b1504.16 (JetBrains s.r.o.) 
2021-09-08 14:16:25,241 [    425]   INFO -        #com.intellij.idea.Main - JVM: 11.0.11+9-b1504.16 (OpenJDK 64-Bit Server VM) 
2021-09-08 14:16:25,254 [    438]   INFO -        #com.intellij.idea.Main - JVM Args: -Didea.auto.reload.plugins=true -Didea.classpath.index.enabled=false -Didea.config.path=/home/matus/pantheon/intellij-yang/build/idea-sandbox/config -Didea.is.internal=true -Didea.platform.prefix=Idea -Didea.plugins.path=/home/matus/pantheon/intellij-yang/build/idea-sandbox/plugins -Didea.required.plugins.id=org.intellij.yang -Didea.system.path=/home/matus/pantheon/intellij-yang/build/idea-sandbox/system -Dsun.awt.disablegrab=true -Xms256m -Xmx512m -Dfile.encoding=UTF-8 -Duser.country=US -Duser.language=en -Duser.variant -ea 
2021-09-08 14:16:25,254 [    438]   INFO -        #com.intellij.idea.Main - library path: /usr/java/packages/lib:/usr/lib64:/lib64:/lib:/usr/lib 
2021-09-08 14:16:25,255 [    439]   INFO -        #com.intellij.idea.Main - boot library path: /home/matus/.gradle/caches/modules-2/files-2.1/com.jetbrains/jbre/jbr_jcef-11_0_11-linux-x64-b1504.16/extracted/jbr/lib 
2021-09-08 14:16:25,297 [    481]   INFO -        #com.intellij.idea.Main - locale=en_US JNU=UTF-8 file.encoding=UTF-8
  idea.config.path=/home/matus/pantheon/intellij-yang/build/idea-sandbox/config
  idea.system.path=/home/matus/pantheon/intellij-yang/build/idea-sandbox/system
  idea.plugins.path=/home/matus/pantheon/intellij-yang/build/idea-sandbox/plugins
  idea.log.path=/home/matus/pantheon/intellij-yang/build/idea-sandbox/system/log 
2021-09-08 14:16:25,322 [    506]   INFO -        #com.intellij.idea.Main - CPU cores: 4; ForkJoinPool.commonPool: java.util.concurrent.ForkJoinPool@3d6cd8b9[Running, parallelism = 3, size = 3, active = 3, running = 3, steals = 0, tasks = 0, submissions = 1]; factory: com.intellij.concurrency.IdeaForkJoinWorkerThreadFactory@4fb12aaa 
2021-09-08 14:16:25,401 [    585]   INFO -        #com.intellij.idea.Main - JNA library (64-bit) loaded in 79 ms 
2021-09-08 14:16:25,911 [   1095]   INFO - llij.ide.plugins.PluginManager - Plugin PluginDescriptor(name=Groovy, id=org.intellij.groovy, descriptorPath=plugin.xml, path=~/.gradle/caches/modules-2/files-2.1/com.jetbrains.intellij.idea/ideaIC/2021.2.1/fb8e0c8f941235e03802029fb64f458df3d2823c/ideaIC-2021.2.1/plugins/Groovy, version=212.5080.55, package=org.jetbrains.plugins.groovy) misses optional descriptor duplicates-groovy.xml 
2021-09-08 14:16:25,912 [   1096]   INFO - llij.ide.plugins.PluginManager - Plugin PluginDescriptor(name=Groovy, id=org.intellij.groovy, descriptorPath=plugin.xml, path=~/.gradle/caches/modules-2/files-2.1/com.jetbrains.intellij.idea/ideaIC/2021.2.1/fb8e0c8f941235e03802029fb64f458df3d2823c/ideaIC-2021.2.1/plugins/Groovy, version=212.5080.55, package=org.jetbrains.plugins.groovy) misses optional descriptor duplicates-detection-groovy.xml 
2021-09-08 14:16:26,276 [   1460]   INFO - llij.ide.plugins.PluginManager - Loaded bundled plugins: IDEA CORE (212.5080.55), WSL File System Support (212.5080.55), JetBrains maven model api classes (212.5080.55), JetBrains Repository Search (212.5080.55), Smali Support (212.5080.55), IDE Features Trainer (212.5080.55), Terminal (212.5080.55), Perforce Helix Core (212.5080.55), Machine Learning Code Completion (212.5080.55), Windows 10 Light Theme (212.5080.55), Emoji Picker (212.5080.55), JetBrains Marketplace Licensing Support (212.5080.55), EditorConfig (212.5080.55), Configuration Script (212.5080.55), Dependency Management Api for External Build Tools (212.5080.55), Copyright (212.5080.55), Shell Script (212.5080.55), Images (212.5080.55), Java (212.5080.55), Java Stream Debugger (212.5080.55), Code With Me (212.5080.55), Eclipse Interoperability (212.5080.55), Java IDE Customization (212.5080.55), Lombok (212.5080.55), Java Bytecode Decompiler (212.5080.55), Bytecode Viewer (212.5080.55), Mercurial (212.5080.55), Shared Indexes (212.5080.55), TextMate Bundles (212.5080.55), JUnit (212.5080.55), macOS Light Theme (212.5080.55), YAML (212.5080.55), WebP Support (212.5080.55), XPathView + XSLT (212.5080.55), XSLT Debugger (212.5080.55), IntelliLang (212.5080.55), Markdown (212.5080.55), TestNG (212.5080.55), Code Coverage for Java (212.5080.55), Task Management (212.5080.55), Git (212.5080.55), ChangeReminder (212.5080.55), IDE Features Trainer: Git Lessons (212.5080.55), GitHub (212.5080.55), Settings Repository (212.5080.55), Subversion (212.5080.55), Properties (212.5080.55), Grazie (212.5080.55), Gradle (212.5080.55), Java Internationalization (212.5080.55), UI Designer (212.5080.55), Ant (212.5080.55), JavaFX (212.5080.55), Groovy (212.5080.55), Maven (212.5080.55), Gradle-Java (212.5080.55), Gradle-Maven (212.5080.55), Kotlin (212-1.5.10-release-IJ5080.55), Gradle DSL API (212.5080.55), Gradle Dependency Updater Implementation (212.5080.55), Space (212.5080.55), Android (10.4.2.212.5080.55), Package Search (212.5080.55), Plugin DevKit (212.5080.55) 
2021-09-08 14:16:26,279 [   1463]   INFO - llij.ide.plugins.PluginManager - Loaded custom plugins: Yang Language Plugin (1.0-SNAPSHOT) 
2021-09-08 14:16:26,645 [   1829]   INFO -        #com.intellij.idea.Main - WM detected: GNOME Shell 
2021-09-08 14:16:28,266 [   3450]   INFO - til.net.ssl.CertificateManager - Default SSL context initialized 
2021-09-08 14:16:28,335 [   3519]   INFO - rsistent.PersistentFSConnector - Marking VFS as corrupted: '/home/matus/pantheon/intellij-yang/build/idea-sandbox/system/caches/names.dat' does not exist 
2021-09-08 14:16:28,337 [   3521]   INFO - intellij.util.io.FilePageCache - lower=100; upper=492; buffer=10; max=492 
2021-09-08 14:16:28,475 [   3659]   INFO - intellij.diagnostic.JitWatcher - JIT compilation state checking enabled 
2021-09-08 14:16:28,575 [   3759]   INFO - rains.ide.BuiltInServerManager - built-in server started, port 63343 
2021-09-08 14:16:28,580 [   3764]   WARN - j.internal.DebugAttachDetector - Unable to start DebugAttachDetector, please add `--add-exports java.base/jdk.internal.vm=ALL-UNNAMED` to VM options 
2021-09-08 14:16:28,632 [   3816]   INFO - .history.utils.LocalHistoryLog - local history version mismatch (was: 0, expected: 6), rebuilding... 
2021-09-08 14:16:28,632 [   3816]   INFO - .history.utils.LocalHistoryLog - FS has been rebuild, rebuilding local history... 
2021-09-08 14:16:28,663 [   3847]   INFO - ication.options.PathMacrosImpl - Loaded path macros: {MAVEN_REPOSITORY=/home/matus/.m2/repository, KOTLIN_BUNDLED=/home/matus/.gradle/caches/modules-2/files-2.1/com.jetbrains.intellij.idea/ideaIC/2021.2.1/fb8e0c8f941235e03802029fb64f458df3d2823c/ideaIC-2021.2.1/plugins/Kotlin/kotlinc} 
2021-09-08 14:16:28,834 [   4018]   INFO - penapi.application.Experiments - Experimental features enabled for user: wsl.p9.support, wsl.prefer.p9.support, wsl.p9.show.roots.in.file.chooser, wsl.execute.with.wsl.exe, linux.native.menu, recent.and.edited.files.together, show.create.new.element.in.popup, search.everywhere.mixed.results, editor.reader.mode, new.large.text.file.viewer, wsl.fsd.content.loader, terminal.shell.command.handling 
2021-09-08 14:16:28,931 [   4115]   INFO - ntellij.idea.ApplicationLoader - Input method disabler: canDisableInputMethod spent 35 ms, found keyboard layouts: [(sk+qwerty, xkb), (us, xkb), ], result==false 
2021-09-08 14:16:28,988 [   4172]   INFO - ings.impl.UpdateCheckerService - channel: release 
2021-09-08 14:16:29,632 [   4816]   INFO - impl.SharedIndexInfrastructure - Shared index version updated from -1 to 7 
2021-09-08 14:16:29,652 [   4836]   INFO - impl.SharedIndexInfrastructure - Shared index persistent data has been cleared 
2021-09-08 14:16:29,715 [   4899]   INFO - impl.SharedIndexMainZipStorage - Shared Indexes Storage is opened and empty 
2021-09-08 14:16:29,717 [   4901]   INFO - stubs.SerializationManagerImpl - Name storage is repaired 
2021-09-08 14:16:29,812 [   4996]   INFO - impl.SharedIndexMainZipStorage - Shared Indexes Storage is opened and empty 
2021-09-08 14:16:29,812 [   4996]   INFO - impl.SharedIndexInfrastructure - Shared index persistent data has been cleared 
2021-09-08 14:16:29,972 [   5156]   WARN - l.NotificationGroupManagerImpl - Notification group CodeWithMe is already registered (group=com.intellij.notification.NotificationGroup@6b89e82d). Plugin descriptor: PluginDescriptor(name=Code With Me, id=com.jetbrains.codeWithMe, descriptorPath=plugin.xml, path=~/.gradle/caches/modules-2/files-2.1/com.jetbrains.intellij.idea/ideaIC/2021.2.1/fb8e0c8f941235e03802029fb64f458df3d2823c/ideaIC-2021.2.1/plugins/cwm-plugin, version=212.5080.55, package=null) 
2021-09-08 14:16:30,430 [   5614]   INFO - penapi.wm.impl.GlobalMenuLinux - Start glib main loop in thread: GlobalMenuLinux loop 
2021-09-08 14:16:30,467 [   5651]   INFO - penapi.wm.impl.GlobalMenuLinux - Closed dbus-service 'com.canonical.AppMenu.Registrar' 
2021-09-08 14:16:30,890 [   6074]   INFO - pl.local.NativeFileWatcherImpl - Starting file watcher: /home/matus/.gradle/caches/modules-2/files-2.1/com.jetbrains.intellij.idea/ideaIC/2021.2.1/fb8e0c8f941235e03802029fb64f458df3d2823c/ideaIC-2021.2.1/bin/linux/fsnotifier 
2021-09-08 14:16:30,930 [   6114]   INFO - pl.local.NativeFileWatcherImpl - Native file watcher is operational. 
2021-09-08 14:16:32,599 [   7783]   INFO - il.indexing.FileBasedIndexImpl - Indexes to be rebuilt after corruption:FilenameIndex(v = 3),FrameworkDetectionIndex(v = 65536),TodoIndex(v = 4107),IdIndex(v = 4113),filetypes(v = 258),Stubs(v = 46),Trigram.Index(v = 4099),fileIncludes(v = 6),DomFileIndex(v = 0),RelaxSymbolIndex(v = 0),XmlTagNames(v = 1),XmlNamespaces(v = 8),html5.custom.attributes.index(v = 1),SchemaTypeInheritance(v = 2),json.file.root.values(v = 5),editorconfig.index.name(v = 5),bytecodeAnalysis(v = 4107),java.auto.module.name(v = 5),java.source.module.name(v = 3),java.null.method.argument(v = 4097),java.fun.expression(v = 4102),java.binary.plus.expression(v = 4100),LombokConfigIndex(v = 11),yaml.keys.name(v = 1),XsltSymbolIndex(v = 0),xmlProperties(v = 2),com.intellij.uiDesigner.FormClassIndex(v = 0),ant-imports(v = 5),JavaFxControllerClassIndex(v = 1),javafx.id.name(v = 3),javafx.custom.component(v = 2),groovy.trait.fields(v = 5),groovy.trait.methods(v = 32),org.jetbrains.kotlin.idea.versions.KotlinJvmMetadataVersionIndex(v = 5),org.jetbrains.kotlin.idea.versions.KotlinJsMetadataVersionIndex(v = 3),org.jetbrains.kotlin.idea.vfilefinder.KotlinClassFileIndex(v = 3),org.jetbrains.kotlin.idea.vfilefinder.KotlinJavaScriptMetaFileIndex(v = 4),org.jetbrains.kotlin.idea.vfilefinder.KotlinMetadataFileIndex(v = 1),org.jetbrains.kotlin.idea.vfilefinder.KotlinMetadataFilePackageIndex(v = 1),org.jetbrains.kotlin.idea.vfilefinder.KotlinModuleMappingIndex(v = 5),org.jetbrains.kotlin.idea.vfilefinder.KotlinPackageSourcesMemberNamesIndex(v = 2),org.jetbrains.kotlin.idea.vfilefinder.KotlinJvmModuleAnnotationsIndex(v = 1),org.jetbrains.kotlin.idea.vfilefinder.KotlinBuiltInsMetadataIndex(v = 1),org.jetbrains.kotlin.idea.vfilefinder.KotlinStdlibIndex(v = 1),org.jetbrains.kotlin.idea.vfilefinder.KlibMetaFileIndex(v = 4),com.android.tools.idea.model.AndroidManifestIndex$Companion$NAME$1.NAME(v = 10),BindingXmlIndex(v = 8),MlModelFileIndex(v = 6),NavXmlIndex(v = 8),IdeaPluginRegistrationIndex(v = 3),PluginIdModuleIndex(v = 2),PluginIdDependenciesIndex(v = 5),devkit.ExtensionPointIndex(v = 0),devkit.ExtensionPointClassIndex(v = 1) 
2021-09-08 14:16:32,613 [   7797]   INFO - leBasedIndexDataInitialization - Index data initialization done: 3879 ms. Initialized indexes: [FilenameIndex, FrameworkDetectionIndex, TodoIndex, IdIndex, filetypes, Stubs, Trigram.Index, fileIncludes, DomFileIndex, RelaxSymbolIndex, XmlTagNames, XmlNamespaces, html5.custom.attributes.index, SchemaTypeInheritance, json.file.root.values, editorconfig.index.name, bytecodeAnalysis, java.auto.module.name, java.source.module.name, java.null.method.argument, java.fun.expression, java.binary.plus.expression, LombokConfigIndex, yaml.keys.name, XsltSymbolIndex, xmlProperties, com.intellij.uiDesigner.FormClassIndex, ant-imports, JavaFxControllerClassIndex, javafx.id.name, javafx.custom.component, groovy.trait.fields, groovy.trait.methods, org.jetbrains.kotlin.idea.versions.KotlinJvmMetadataVersionIndex, org.jetbrains.kotlin.idea.versions.KotlinJsMetadataVersionIndex, org.jetbrains.kotlin.idea.vfilefinder.KotlinClassFileIndex, org.jetbrains.kotlin.idea.vfilefinder.KotlinJavaScriptMetaFileIndex, org.jetbrains.kotlin.idea.vfilefinder.KotlinMetadataFileIndex, org.jetbrains.kotlin.idea.vfilefinder.KotlinMetadataFilePackageIndex, org.jetbrains.kotlin.idea.vfilefinder.KotlinModuleMappingIndex, org.jetbrains.kotlin.idea.vfilefinder.KotlinPackageSourcesMemberNamesIndex, org.jetbrains.kotlin.idea.vfilefinder.KotlinJvmModuleAnnotationsIndex, org.jetbrains.kotlin.idea.vfilefinder.KotlinBuiltInsMetadataIndex, org.jetbrains.kotlin.idea.vfilefinder.KotlinStdlibIndex, org.jetbrains.kotlin.idea.vfilefinder.KlibMetaFileIndex, com.android.tools.idea.model.AndroidManifestIndex$Companion$NAME$1.NAME, BindingXmlIndex, MlModelFileIndex, NavXmlIndex, IdeaPluginRegistrationIndex, PluginIdModuleIndex, PluginIdDependenciesIndex, devkit.ExtensionPointIndex, devkit.ExtensionPointClassIndex]. 
2021-09-08 14:16:32,930 [   8114]   INFO - tellij.psi.stubs.StubIndexImpl - Following stub indices will be built:dom.namespaceKey(v = 1),dom.elementClass(v = 0),markdown.header(v = 2),properties.index(v = 2),gr.class.fqn(v = 1),gr.script.fqn(v = 2),gr.field.name(v = 2),gr.method.name(v = 2),gr.annot.method.name(v = 2),gr.annot.members(v = 2),gr.script.class(v = 2),gr.class.super(v = 2),gr.anonymous.class(v = 3),org.jetbrains.kotlin.idea.stubindex.KotlinExactPackagesIndex(v = 2),org.jetbrains.kotlin.idea.stubindex.KotlinTopLevelClassByPackageIndex(v = 2),org.jetbrains.kotlin.idea.stubindex.KotlinTopLevelFunctionByPackageIndex(v = 2),org.jetbrains.kotlin.idea.stubindex.KotlinTopLevelPropertyByPackageIndex(v = 2),org.jetbrains.kotlin.idea.stubindex.KotlinTopLevelTypeAliasByPackageIndex(v = 2),org.jetbrains.kotlin.idea.stubindex.KotlinClassShortNameIndex(v = 2),org.jetbrains.kotlin.idea.stubindex.KotlinFullClassNameIndex(v = 2),org.jetbrains.kotlin.idea.stubindex.KotlinPropertyShortNameIndex(v = 2),org.jetbrains.kotlin.idea.stubindex.KotlinFunctionShortNameIndex(v = 2),org.jetbrains.kotlin.idea.stubindex.KotlinTypeAliasShortNameIndex(v = 2),org.jetbrains.kotlin.idea.stubindex.KotlinSuperClassIndex(v = 2),org.jetbrains.kotlin.idea.stubindex.KotlinTopLevelFunctionFqnNameIndex(v = 2),org.jetbrains.kotlin.idea.stubindex.KotlinTopLevelPropertyFqnNameIndex(v = 2),org.jetbrains.kotlin.idea.stubindex.KotlinTopLevelTypeAliasFqNameIndex(v = 2),org.jetbrains.kotlin.idea.stubindex.KotlinTopLevelExtensionsByReceiverTypeIndex(v = 3),org.jetbrains.kotlin.idea.stubindex.KotlinExtensionsInObjectsByReceiverTypeIndex(v = 2),org.jetbrains.kotlin.idea.stubindex.KotlinAnnotationsIndex(v = 3),org.jetbrains.kotlin.idea.stubindex.KotlinJvmNameAnnotationIndex(v = 2),org.jetbrains.kotlin.idea.stubindex.KotlinProbablyNothingFunctionShortNameIndex(v = 2),org.jetbrains.kotlin.idea.stubindex.KotlinProbablyNothingPropertyShortNameIndex(v = 2),org.jetbrains.kotlin.idea.stubindex.KotlinProbablyContractedFunctionShortNameIndex(v = 2),org.jetbrains.kotlin.idea.stubindex.KotlinFileFacadeFqNameIndex(v = 2),org.jetbrains.kotlin.idea.stubindex.KotlinFilePartClassIndex(v = 2),org.jetbrains.kotlin.idea.stubindex.KotlinFileFacadeClassByPackageIndex(v = 2),org.jetbrains.kotlin.idea.stubindex.KotlinFileFacadeShortNameIndex(v = 2),org.jetbrains.kotlin.idea.stubindex.KotlinMultifileClassPartIndex(v = 2),org.jetbrains.kotlin.idea.stubindex.KotlinScriptFqnIndex(v = 2),org.jetbrains.kotlin.idea.stubindex.KotlinTypeAliasByExpansionShortNameIndex(v = 2),org.jetbrains.kotlin.idea.stubindex.KotlinOverridableInternalMembersShortNameIndex(v = 2),java.annotations(v = 2),java.class.extlist(v = 3),java.field.name(v = 2),java.method.name(v = 2),jvm.static.member.name(v = 2),jvm.static.member.type(v = 2),java.anonymous.baseref(v = 2),java.method.parameter.types(v = 3),java.class.shortname(v = 4),java.class.fqn(v = 1),java.module.name(v = 4) 
2021-09-08 14:16:32,931 [   8115]   INFO - exImpl$StubIndexInitialization - Index data initialization done: 318 ms. Initialized stub indexes: {gr.method.name, java.anonymous.baseref, org.jetbrains.kotlin.idea.stubindex.KotlinProbablyNothingPropertyShortNameIndex, org.jetbrains.kotlin.idea.stubindex.KotlinTopLevelFunctionByPackageIndex, org.jetbrains.kotlin.idea.stubindex.KotlinTopLevelPropertyByPackageIndex, org.jetbrains.kotlin.idea.stubindex.KotlinOverridableInternalMembersShortNameIndex, gr.annot.method.name, org.jetbrains.kotlin.idea.stubindex.KotlinScriptFqnIndex, gr.field.name, java.method.parameter.types, dom.namespaceKey, jvm.static.member.type, dom.elementClass, java.class.shortname, java.field.name, gr.class.super, java.module.name, org.jetbrains.kotlin.idea.stubindex.KotlinFullClassNameIndex, gr.anonymous.class, org.jetbrains.kotlin.idea.stubindex.KotlinFileFacadeClassByPackageIndex, org.jetbrains.kotlin.idea.stubindex.KotlinFilePartClassIndex, gr.script.class, markdown.header, org.jetbrains.kotlin.idea.stubindex.KotlinFileFacadeShortNameIndex, java.class.extlist, java.class.fqn, gr.class.fqn, properties.index, java.method.name, jvm.static.member.name, java.annotations, gr.script.fqn, org.jetbrains.kotlin.idea.stubindex.KotlinMultifileClassPartIndex, gr.annot.members, org.jetbrains.kotlin.idea.stubindex.KotlinJvmNameAnnotationIndex, org.jetbrains.kotlin.idea.stubindex.KotlinExactPackagesIndex, org.jetbrains.kotlin.idea.stubindex.KotlinTopLevelTypeAliasByPackageIndex, org.jetbrains.kotlin.idea.stubindex.KotlinProbablyContractedFunctionShortNameIndex, org.jetbrains.kotlin.idea.stubindex.KotlinFileFacadeFqNameIndex, org.jetbrains.kotlin.idea.stubindex.KotlinTopLevelClassByPackageIndex, org.jetbrains.kotlin.idea.stubindex.KotlinTypeAliasShortNameIndex, org.jetbrains.kotlin.idea.stubindex.KotlinFunctionShortNameIndex, org.jetbrains.kotlin.idea.stubindex.KotlinSuperClassIndex, org.jetbrains.kotlin.idea.stubindex.KotlinPropertyShortNameIndex, org.jetbrains.kotlin.idea.stubindex.KotlinClassShortNameIndex, org.jetbrains.kotlin.idea.stubindex.KotlinProbablyNothingFunctionShortNameIndex, org.jetbrains.kotlin.idea.stubindex.KotlinAnnotationsIndex, org.jetbrains.kotlin.idea.stubindex.KotlinTopLevelFunctionFqnNameIndex, org.jetbrains.kotlin.idea.stubindex.KotlinTopLevelPropertyFqnNameIndex, org.jetbrains.kotlin.idea.stubindex.KotlinTopLevelTypeAliasFqNameIndex, org.jetbrains.kotlin.idea.stubindex.KotlinExtensionsInObjectsByReceiverTypeIndex, org.jetbrains.kotlin.idea.stubindex.KotlinTopLevelExtensionsByReceiverTypeIndex, org.jetbrains.kotlin.idea.stubindex.KotlinTypeAliasByExpansionShortNameIndex}. 
2021-09-08 14:16:32,940 [   8124]   INFO - dea.updater.SdkComponentSource - Downloading https://dl.google.com/android/repository/addons_list-3.xml 
2021-09-08 14:16:33,340 [   8524]   INFO - dea.updater.SdkComponentSource - File /home/matus/.android/repositories.cfg could not be loaded. 
2021-09-08 14:16:33,354 [   8538]   INFO - dea.updater.SdkComponentSource - Downloading https://dl.google.com/android/repository/sys-img/android/sys-img2-1.xml 
2021-09-08 14:16:33,386 [   8570]   INFO - dea.updater.SdkComponentSource - Downloading https://dl.google.com/android/repository/sys-img/android-automotive/sys-img2-1.xml 
2021-09-08 14:16:33,383 [   8567]   INFO - dea.updater.SdkComponentSource - Downloading https://dl.google.com/android/repository/extras/intel/addon2-1.xml 
2021-09-08 14:16:33,382 [   8566]   INFO - dea.updater.SdkComponentSource - Downloading https://dl.google.com/android/repository/glass/addon2-1.xml 
2021-09-08 14:16:33,382 [   8566]   INFO - dea.updater.SdkComponentSource - Downloading https://dl.google.com/android/repository/addon2-1.xml 
2021-09-08 14:16:33,381 [   8565]   INFO - dea.updater.SdkComponentSource - Downloading https://dl.google.com/android/repository/sys-img/google_apis_playstore/sys-img2-1.xml 
2021-09-08 14:16:33,381 [   8565]   INFO - dea.updater.SdkComponentSource - Downloading https://dl.google.com/android/repository/sys-img/google_apis/sys-img2-1.xml 
2021-09-08 14:16:33,380 [   8564]   INFO - dea.updater.SdkComponentSource - Downloading https://dl.google.com/android/repository/sys-img/google-tv/sys-img2-1.xml 
2021-09-08 14:16:33,372 [   8556]   INFO - dea.updater.SdkComponentSource - Downloading https://dl.google.com/android/repository/sys-img/android-tv/sys-img2-1.xml 
2021-09-08 14:16:33,371 [   8555]   INFO - dea.updater.SdkComponentSource - Downloading https://dl.google.com/android/repository/sys-img/android-wear-cn/sys-img2-1.xml 
2021-09-08 14:16:33,362 [   8546]   INFO - dea.updater.SdkComponentSource - Downloading https://dl.google.com/android/repository/sys-img/android-wear/sys-img2-1.xml 
2021-09-08 14:16:33,390 [   8574]   INFO - dea.updater.SdkComponentSource - Downloading https://dl.google.com/android/repository/repository2-1.xml 
2021-09-08 14:16:38,005 [  13189]   INFO - erver.followMe.FollowMeManager - Register new user 0:'matus' with ClientId=ClientId(value=Host) 
2021-09-08 14:16:44,954 [  20138]   INFO - BridgeArtifactManagerRedefiner - Using workspace model to open project 
2021-09-08 14:16:45,154 [  20338]   INFO - penapi.wm.impl.GlobalMenuLinux - created instance of GlobalMenuLinux for xid=0x40000a9 
2021-09-08 14:16:45,329 [  20513]   INFO - dule.ModuleBridgeLoaderService - Workspace model loaded without cache. Loading real project state into workspace model. Thread[JobScheduler FJ pool 1/3,4,main] 
2021-09-08 14:16:45,351 [  20535]   INFO - ins.rd.platform.codeWithMe.a.b - sessionStatus: null 
2021-09-08 14:16:45,352 [  20536]   INFO - ins.rd.platform.codeWithMe.a.b - freeSessionRemainingTimeMs: null null 
2021-09-08 14:16:45,606 [  20790]   INFO - lij.diagnostic.DebugLogManager - Set TRACE for the following categories: #com.jetbrains.rdserver.requests, #com.jetbrains.rd.ide.document, #com.jetbrains.rdserver.document, #com.jetbrains.rdserver.editors, #com.jetbrains.rdserver.actions, #com.jetbrains.rdserver.permissions 
2021-09-08 14:16:45,697 [  20881]   INFO - rojectCodeStyleSettingsManager - Initialized from default code style settings. 
2021-09-08 14:16:45,884 [  21068]   INFO - tests.impl.DistributedTestHost - Host address=localhost/127.0.0.1 
2021-09-08 14:16:46,664 [  21848]   WARN - ctionSystem.impl.ActionUpdater - Slow (128 ms) `com.intellij.space.actions.SpaceMainToolBarAction#update`. Consider speeding it up and/or implementing UpdateInBackground. 
2021-09-08 14:16:46,858 [  22042]   INFO - ge.ExternalProjectsDataStorage - Load external projects data in 10 millis (read time: 2) 
2021-09-08 14:16:47,029 [  22213]   INFO - ramework.util.RdCoroutineScope - RdCoroutineHost overridden 
2021-09-08 14:16:47,408 [  22592]   INFO - erver.followMe.FollowMeManager - Register new user 0:'matus' with ClientId=ClientId(value=Host) 
2021-09-08 14:16:47,806 [  22990]   INFO - CompilerWorkspaceConfiguration - Available processors: 4 
2021-09-08 14:16:48,274 [  23458]   INFO - .deployment.AsyncDevicesGetter - adb not found 
2021-09-08 14:16:48,312 [  23496]   INFO - ProjectRootPostStartUpActivity - /home/matus/pantheon/testujeme/.idea case-sensitivity: expected=true actual=true 
2021-09-08 14:16:48,324 [  23508]   INFO - j.ide.script.IdeStartupScripts - 0 startup script(s) found 
2021-09-08 14:16:48,348 [  23532]   INFO - .diagnostic.PerformanceWatcher - Post-startup activities under progress took 1823ms; general responsiveness: ok; EDT responsiveness: 0/2 sluggish, 2/2 very slow 
2021-09-08 14:16:48,543 [  23727]   INFO - roject.DumbServiceGuiTaskQueue - Running dumb mode task: OnDiskSharedIndexChunkLocator 
2021-09-08 14:16:48,548 [  23732]   INFO - roject.DumbServiceGuiTaskQueue - Running dumb mode task: UnindexedFilesUpdater[testujeme] 
2021-09-08 14:16:48,566 [  23750]   INFO - ij.psi.search.LogFileTypeIndex - Loading file type index snapshot 
2021-09-08 14:16:48,576 [  23760]   INFO - indexing.UnindexedFilesUpdater - Started indexing of testujeme. Reason: On project open 
2021-09-08 14:16:48,584 [  23768]   INFO - indexing.UnindexedFilesUpdater - Performing delayed pushing properties tasks for testujeme took 5ms; general responsiveness: ok; EDT responsiveness: ok 
2021-09-08 14:16:48,644 [  23828]   INFO - indexing.UnindexedFilesUpdater - Scanning of testujeme uses 3 scanning threads 
2021-09-08 14:16:48,781 [  23965]   INFO - ots.impl.jdkDownloader.JdkAuto - Looking for a local SDK for JDK with name MissingSdkInfo(mySdkName=11, mySdkType=JavaSDK) 
2021-09-08 14:16:48,880 [  24064]   INFO - tor.impl.FileEditorManagerImpl - Project opening took 3938 ms 
2021-09-08 14:16:49,547 [  24731]   INFO - pl.ProjectRootManagerComponent - Project roots of testujeme have changed (trace_hash = -1860879821) 
java.lang.Throwable
	at com.intellij.openapi.roots.impl.ProjectRootManagerComponent.logRootChanges(ProjectRootManagerComponent.java:344)
	at com.intellij.openapi.roots.impl.ProjectRootManagerComponent.synchronizeRoots(ProjectRootManagerComponent.java:331)
	at com.intellij.openapi.roots.impl.ProjectRootManagerComponent.fireRootsChangedEvent(ProjectRootManagerComponent.java:238)
	at com.intellij.openapi.roots.impl.ProjectRootManagerImpl.fireRootsChanged(ProjectRootManagerImpl.java:449)
	at com.intellij.openapi.roots.impl.ProjectRootManagerImpl$1.fireRootsChanged(ProjectRootManagerImpl.java:146)
	at com.intellij.openapi.roots.impl.ProjectRootManagerImpl$1.fireRootsChanged(ProjectRootManagerImpl.java:143)
	at com.intellij.openapi.roots.impl.ProjectRootManagerImpl$BatchSession.rootsChanged(ProjectRootManagerImpl.java:113)
	at com.intellij.openapi.roots.impl.ProjectRootManagerImpl$BatchSession.rootsChanged(ProjectRootManagerImpl.java:121)
	at com.intellij.openapi.roots.impl.ProjectRootManagerImpl.makeRootsChange(ProjectRootManagerImpl.java:421)
	at com.intellij.workspaceModel.ide.impl.legacyBridge.project.ProjectRootManagerBridge.fireRootsChanged(ProjectRootManagerBridge.kt:156)
	at com.intellij.workspaceModel.ide.impl.legacyBridge.project.ProjectRootManagerBridge.access$fireRootsChanged(ProjectRootManagerBridge.kt:30)
	at com.intellij.workspaceModel.ide.impl.legacyBridge.project.ProjectRootManagerBridge$JdkChangeListener.jdkAdded(ProjectRootManagerBridge.kt:249)
	at com.intellij.util.messages.impl.MessageBusImpl.invokeMethod(MessageBusImpl.java:645)
	at com.intellij.util.messages.impl.MessageBusImpl.invokeListener(MessageBusImpl.java:620)
	at com.intellij.util.messages.impl.MessageBusImpl.deliverMessage(MessageBusImpl.java:417)
	at com.intellij.util.messages.impl.MessageBusImpl.pumpWaitingBuses(MessageBusImpl.java:390)
	at com.intellij.util.messages.impl.MessageBusImpl.pumpMessages(MessageBusImpl.java:372)
	at com.intellij.util.messages.impl.MessageBusImpl.access$200(MessageBusImpl.java:33)
	at com.intellij.util.messages.impl.MessageBusImpl$MessagePublisher.invoke(MessageBusImpl.java:179)
	at com.sun.proxy.$Proxy128.jdkAdded(Unknown Source)
	at com.intellij.openapi.projectRoots.impl.ProjectJdkTableImpl.addJdk(ProjectJdkTableImpl.java:247)
	at com.intellij.openapi.projectRoots.impl.UnknownMissingSdkFix.lambda$registerNewSdkInJdkTable$2(UnknownMissingSdkFix.java:130)
	at com.intellij.openapi.application.WriteAction.lambda$run$1(WriteAction.java:94)
	at com.intellij.openapi.application.impl.ApplicationImpl.runWriteActionWithClass(ApplicationImpl.java:924)
	at com.intellij.openapi.application.impl.ApplicationImpl.runWriteAction(ApplicationImpl.java:950)
	at com.intellij.openapi.application.WriteAction.run(WriteAction.java:93)
	at com.intellij.openapi.projectRoots.impl.UnknownMissingSdkFix.registerNewSdkInJdkTable(UnknownMissingSdkFix.java:117)
	at com.intellij.openapi.projectRoots.impl.UnknownMissingSdkFixLocal.applyLocalFix(UnknownMissingSdkFixLocal.java:99)
	at com.intellij.openapi.projectRoots.impl.UnknownSdkFixActionLocalBase.runWithEvents(UnknownSdkFixActionLocalBase.java:33)
	at com.intellij.openapi.projectRoots.impl.UnknownSdkFixActionLocalBase.lambda$applySuggestionBlocking$0(UnknownSdkFixActionLocalBase.java:76)
	at com.intellij.openapi.application.TransactionGuardImpl.runWithWritingAllowed(TransactionGuardImpl.java:214)
	at com.intellij.openapi.application.TransactionGuardImpl.access$200(TransactionGuardImpl.java:21)
	at com.intellij.openapi.application.TransactionGuardImpl$2.run(TransactionGuardImpl.java:196)
	at com.intellij.openapi.application.impl.ApplicationImpl.runIntendedWriteActionOnCurrentThread(ApplicationImpl.java:794)
	at com.intellij.openapi.application.impl.ApplicationImpl.lambda$invokeAndWait$7(ApplicationImpl.java:451)
	at com.intellij.openapi.application.impl.LaterInvocator$1.run(LaterInvocator.java:134)
	at com.intellij.openapi.application.impl.FlushQueue.doRun(FlushQueue.java:84)
	at com.intellij.openapi.application.impl.FlushQueue.runNextEvent(FlushQueue.java:133)
	at com.intellij.openapi.application.impl.FlushQueue.flushNow(FlushQueue.java:46)
	at com.intellij.openapi.application.impl.FlushQueue$FlushNow.run(FlushQueue.java:189)
	at java.desktop/java.awt.event.InvocationEvent.dispatch(InvocationEvent.java:313)
	at java.desktop/java.awt.EventQueue.dispatchEventImpl(EventQueue.java:776)
	at java.desktop/java.awt.EventQueue$4.run(EventQueue.java:727)
	at java.desktop/java.awt.EventQueue$4.run(EventQueue.java:721)
	at java.base/java.security.AccessController.doPrivileged(Native Method)
	at java.base/java.security.ProtectionDomain$JavaSecurityAccessImpl.doIntersectionPrivilege(ProtectionDomain.java:85)
	at java.desktop/java.awt.EventQueue.dispatchEvent(EventQueue.java:746)
	at com.intellij.ide.IdeEventQueue.defaultDispatchEvent(IdeEventQueue.java:887)
	at com.intellij.ide.IdeEventQueue._dispatchEvent(IdeEventQueue.java:756)
	at com.intellij.ide.IdeEventQueue.lambda$dispatchEvent$7(IdeEventQueue.java:443)
	at com.intellij.openapi.progress.impl.CoreProgressManager.computePrioritized(CoreProgressManager.java:825)
	at com.intellij.ide.IdeEventQueue.lambda$dispatchEvent$8(IdeEventQueue.java:442)
	at com.intellij.openapi.application.impl.ApplicationImpl.runIntendedWriteActionOnCurrentThread(ApplicationImpl.java:794)
	at com.intellij.ide.IdeEventQueue.dispatchEvent(IdeEventQueue.java:488)
	at java.desktop/java.awt.EventDispatchThread.pumpOneEventForFilters(EventDispatchThread.java:203)
	at java.desktop/java.awt.EventDispatchThread.pumpEventsForFilter(EventDispatchThread.java:124)
	at java.desktop/java.awt.EventDispatchThread.pumpEventsForHierarchy(EventDispatchThread.java:113)
	at java.desktop/java.awt.EventDispatchThread.pumpEvents(EventDispatchThread.java:109)
	at java.desktop/java.awt.EventDispatchThread.pumpEvents(EventDispatchThread.java:101)
	at java.desktop/java.awt.EventDispatchThread.run(EventDispatchThread.java:90)
2021-09-08 14:16:49,551 [  24735]   INFO - penapi.project.DumbServiceImpl - cancel UnindexedFilesUpdater[testujeme] 
2021-09-08 14:16:49,552 [  24736]   INFO - impl.UnknownMissingSdkFixLocal - Automatically set Sdk MissingSdkInfo(mySdkName=11, mySdkType=JavaSDK) to /home/matus/.sdkman/candidates/java/11.0.11-open 
2021-09-08 14:16:49,553 [  24737]   INFO - indexing.UnindexedFilesUpdater - Cancelled indexing of testujeme 
2021-09-08 14:16:49,553 [  24737]   INFO - ij.psi.search.LogFileTypeIndex - File type index snapshot dropped 
2021-09-08 14:16:49,561 [  24745]   INFO - roject.DumbServiceGuiTaskQueue - Running dumb mode task: com.android.tools.idea.res.ResourceFolderRepositoryFileCacheImpl$PruneTask@2984b46c 
2021-09-08 14:16:49,568 [  24752]   INFO - roject.DumbServiceGuiTaskQueue - Running dumb mode task: com.android.tools.idea.res.ResourceFolderRepositoryFileCacheImpl$ManageLruProjectFilesTask@612552ff 
2021-09-08 14:16:49,574 [  24758]   INFO - roject.DumbServiceGuiTaskQueue - Running dumb mode task: UnindexedFilesUpdater[testujeme] 
2021-09-08 14:16:49,592 [  24776]   INFO - ij.psi.search.LogFileTypeIndex - Loading file type index snapshot 
2021-09-08 14:16:49,599 [  24783]   INFO - indexing.UnindexedFilesUpdater - Started indexing of testujeme. Reason: Project roots have changed 
2021-09-08 14:16:49,599 [  24783]   INFO - indexing.UnindexedFilesUpdater - Performing delayed pushing properties tasks for testujeme took 0ms; general responsiveness: ok; EDT responsiveness: ok 
2021-09-08 14:16:49,618 [  24802]   INFO - indexing.UnindexedFilesUpdater - Scanning of testujeme uses 3 scanning threads 
2021-09-08 14:16:50,599 [  25783]   INFO - System.impl.PopupMenuPreloader - Popup menu 'File' preloaded at 'MainMenu' in 158 ms 
2021-09-08 14:16:50,684 [  25868]   INFO - System.impl.PopupMenuPreloader - Popup menu 'Edit' preloaded at 'MainMenu' in 250 ms 
2021-09-08 14:16:50,825 [  26009]   INFO - System.impl.PopupMenuPreloader - Popup menu 'View' preloaded at 'MainMenu' in 391 ms 
2021-09-08 14:16:50,925 [  26109]   INFO - System.impl.PopupMenuPreloader - Popup menu 'Navigate' preloaded at 'MainMenu' in 491 ms 
2021-09-08 14:16:50,944 [  26128]   INFO - System.impl.PopupMenuPreloader - Popup menu 'Code' preloaded at 'MainMenu' in 510 ms 
2021-09-08 14:16:50,989 [  26173]   INFO - System.impl.PopupMenuPreloader - Popup menu 'Build' preloaded at 'MainMenu' in 555 ms 
2021-09-08 14:16:51,143 [  26327]   INFO - System.impl.PopupMenuPreloader - Popup menu 'Run' preloaded at 'MainMenu' in 709 ms 
2021-09-08 14:16:51,215 [  26399]   INFO - System.impl.PopupMenuPreloader - Popup menu 'Tools' preloaded at 'MainMenu' in 781 ms 
2021-09-08 14:16:51,411 [  26595]   WARN - ctionSystem.impl.ActionUpdater - Slow (190 ms) `com.intellij.openapi.vcs.changes.patch.ApplyPatchFromClipboardAction#update`. Consider speeding it up and/or implementing UpdateInBackground. 
2021-09-08 14:16:51,434 [  26618]   INFO - ectsystem.ProjectSystemService - DefaultProjectSystem project system has been detected 
2021-09-08 14:16:51,438 [  26622]   INFO - System.impl.PopupMenuPreloader - Popup menu 'Git' preloaded at 'MainMenu' in 1004 ms 
2021-09-08 14:16:51,448 [  26632]   INFO - System.impl.PopupMenuPreloader - Popup menu 'Refactor' preloaded at 'MainMenu' in 1014 ms 
2021-09-08 14:16:51,494 [  26678]   INFO - System.impl.PopupMenuPreloader - Popup menu 'Window' preloaded at 'MainMenu' in 1060 ms 
2021-09-08 14:16:51,565 [  26749]   INFO - .script.IdeScriptEngineManager - javax.script.ScriptEngineManager initialized in 386 ms 
2021-09-08 14:16:52,008 [  27192]   INFO - System.impl.PopupMenuPreloader - Popup menu 'Help' preloaded at 'MainMenu' in 1574 ms 
2021-09-08 14:16:53,534 [  28718]   WARN - .intellij.diagnostic.VMOptions - VM options file not configured 
2021-09-08 14:16:53,534 [  28718]   INFO - gnostic.MemorySizeConfigurator - Physical memory 10918M, minimum memory size 256M, -Xmx adjusted from 512M to 1364M 
2021-09-08 14:16:53,602 [  28786]   INFO - m.codeWithMe.CodeWithMeCleanup - running activity to cleanup old thin clients... Root path is '/home/matus/.cache/JetBrains' 
2021-09-08 14:16:53,606 [  28790]   INFO - m.codeWithMe.CodeWithMeCleanup - found 0 Code With Me client system folders to check 
2021-09-08 14:16:53,607 [  28791]   INFO - m.codeWithMe.CodeWithMeCleanup - found 0 Code With Me client config folders to check 
2021-09-08 14:16:53,609 [  28793]   INFO - m.codeWithMe.CodeWithMeCleanup - keep only [] major versions 
2021-09-08 14:16:59,117 [  34301]   INFO - indexing.UnindexedFilesUpdater - Scanning completed for testujeme. Number of scanned files: 49824; Number of files for indexing: 49483 took 9515ms; general responsiveness: ok; EDT responsiveness: 1/9 sluggish 
2021-09-08 14:16:59,138 [  34322]   INFO - indexing.UnindexedFilesUpdater - Use 3 indexing threads for indexing of testujeme 
2021-09-08 14:17:08,566 [  43750]   INFO - rationStore.ComponentStoreImpl - Saving appFileTypeManager took 12 ms 
2021-09-08 14:17:08,592 [  43776]   INFO - rationStore.ComponentStoreImpl - Saving default projectDependencyValidationManager took 14 ms 
2021-09-08 14:17:08,842 [  44026]   INFO - rationStore.ComponentStoreImpl - Saving Project(name=testujeme, containerState=COMPONENT_CREATED, componentStore=/home/matus/pantheon/testujeme)GradleSettings took 11 ms 
2021-09-08 14:17:15,453 [  50637]  DEBUG - BackendServerFileEditorManager - Opening host editor for /home/matus/pantheon/testujeme/src/com/company/testingFile.yang 
2021-09-08 14:17:23,022 [  58206]   INFO - System.impl.PopupMenuPreloader - Popup menu 'Project View Popup Menu' preloaded at 'ProjectViewPopup' in 1196 ms 
2021-09-08 14:17:23,063 [  58247]   INFO - System.impl.PopupMenuPreloader - Popup menu 'Project View Popup Menu' preloaded at 'ProjectViewPopup' in 1238 ms 
2021-09-08 14:17:23,427 [  58611]   INFO - System.impl.PopupMenuPreloader - Popup menu 'Editor Popup Menu' preloaded at 'EditorPopup' in 1601 ms 
2021-09-08 14:17:23,429 [  58613]   INFO - System.impl.PopupMenuPreloader - Popup menu 'Editor Popup Menu' preloaded at 'EditorPopup' in 1603 ms 
2021-09-08 14:17:45,518 [  80702]   INFO - ication.options.PathMacrosImpl - Saved path macros: {MAVEN_REPOSITORY=/home/matus/.m2/repository, KOTLIN_BUNDLED=/home/matus/.gradle/caches/modules-2/files-2.1/com.jetbrains.intellij.idea/ideaIC/2021.2.1/fb8e0c8f941235e03802029fb64f458df3d2823c/ideaIC-2021.2.1/plugins/Kotlin/kotlinc} 
2021-09-08 14:17:45,645 [  80829]   INFO - rationStore.ComponentStoreImpl - Saving appPathMacrosImpl took 13 ms, PluginFeatureCacheService took 72 ms, XDebuggerSettings took 17 ms 
2021-09-08 14:17:46,147 [  81331]   INFO - rationStore.ComponentStoreImpl - Saving Project(name=testujeme, containerState=COMPONENT_CREATED, componentStore=/home/matus/pantheon/testujeme)GradleLocalSettings took 17 ms, ProjectView took 14 ms, RunManager took 72 ms, XDebuggerManager took 16 ms, sourceFolderManager took 11 ms 
2021-09-08 14:17:47,174 [  82358]   INFO - erver.followMe.FollowMeManager - Unregister user 0:'matus' with ClientId=ClientId(value=Host) 
2021-09-08 14:17:47,217 [  82401]   INFO - indexing.UnindexedFilesUpdater - Finished for testujeme. Unindexed files update took 48085ms; general responsiveness: ok; EDT responsiveness: 2/48 sluggish, 2/48 very slow 
2021-09-08 14:17:47,218 [  82402]   INFO - ij.psi.search.LogFileTypeIndex - File type index snapshot dropped 
2021-09-08 14:17:47,304 [  82488]   INFO - ramework.util.RdCoroutineScope - RdCoroutineHost has been reset 
2021-09-08 14:17:47,316 [  82500]   INFO - ramework.util.RdCoroutineScope - RdCoroutineHost disposed 
2021-09-08 14:17:47,346 [  82530]   INFO - org.jetbrains.io.BuiltInServer - web server stopped 
2021-09-08 14:17:47,355 [  82539]   INFO - pl.local.NativeFileWatcherImpl - Watcher terminated with exit code 0 
2021-09-08 14:17:47,380 [  82564]   INFO - erver.followMe.FollowMeManager - Unregister user 0:'matus' with ClientId=ClientId(value=Host) 
2021-09-08 14:17:48,492 [  83676]   INFO - .impl.FileTypeDetectionService - 162 auto-detected files. Detection took 183 ms 
2021-09-08 14:17:48,493 [  83677]   INFO - stubs.SerializationManagerImpl - Start shutting down /home/matus/pantheon/intellij-yang/build/idea-sandbox/system/index/rep.names 
2021-09-08 14:17:48,494 [  83678]   INFO - stubs.SerializationManagerImpl - Finished shutting down /home/matus/pantheon/intellij-yang/build/idea-sandbox/system/index/rep.names 
2021-09-08 14:17:48,496 [  83680]   INFO - il.indexing.FileBasedIndexImpl - START INDEX SHUTDOWN 
2021-09-08 14:17:49,227 [  84411]   INFO - tellij.psi.stubs.StubIndexImpl - StubIndexExtension-s were unloaded 
2021-09-08 14:17:49,611 [  84795]   INFO - il.indexing.FileBasedIndexImpl - END INDEX SHUTDOWN 
2021-09-08 14:17:49,611 [  84795]   INFO - newvfs.persistent.PersistentFS - VFS dispose started 
2021-09-08 14:17:49,631 [  84815]   INFO - newvfs.persistent.PersistentFS - VFS dispose completed 
2021-09-08 14:17:49,641 [  84825]   INFO -        #com.intellij.idea.Main - ------------------------------------------------------ IDE SHUTDOWN ------------------------------------------------------ 
2021-09-08 14:17:49,649 [  84833]   INFO - org.jetbrains.io.BuiltInServer - web server stopped 
2021-09-08 14:28:18,425 [      0]   INFO -        #com.intellij.idea.Main - ------------------------------------------------------ IDE STARTED ------------------------------------------------------ 
2021-09-08 14:28:18,454 [     29]   INFO - llij.ide.gdpr.EndUserAgreement - euaCommunity: /home/matus/.local/share/JetBrains/PrivacyPolicy/euaCommunity.cached 
2021-09-08 14:28:18,708 [    283]   INFO -        #com.intellij.idea.Main - IDE: IntelliJ IDEA (build #IC-212.5080.55, 24 Aug 2021 05:47) 
2021-09-08 14:28:18,714 [    289]   INFO -        #com.intellij.idea.Main - OS: Linux (5.11.0-27-generic, amd64) 
2021-09-08 14:28:18,760 [    335]   INFO -        #com.intellij.idea.Main - JRE: 11.0.11+9-b1504.16 (JetBrains s.r.o.) 
2021-09-08 14:28:18,760 [    335]   INFO -        #com.intellij.idea.Main - JVM: 11.0.11+9-b1504.16 (OpenJDK 64-Bit Server VM) 
2021-09-08 14:28:18,776 [    351]   INFO -        #com.intellij.idea.Main - JVM Args: -Didea.auto.reload.plugins=true -Didea.classpath.index.enabled=false -Didea.config.path=/home/matus/pantheon/intellij-yang/build/idea-sandbox/config -Didea.is.internal=true -Didea.platform.prefix=Idea -Didea.plugins.path=/home/matus/pantheon/intellij-yang/build/idea-sandbox/plugins -Didea.required.plugins.id=org.intellij.yang -Didea.system.path=/home/matus/pantheon/intellij-yang/build/idea-sandbox/system -Dsun.awt.disablegrab=true -Xms256m -Xmx512m -Dfile.encoding=UTF-8 -Duser.country=US -Duser.language=en -Duser.variant -ea 
2021-09-08 14:28:18,777 [    352]   INFO -        #com.intellij.idea.Main - library path: /usr/java/packages/lib:/usr/lib64:/lib64:/lib:/usr/lib 
2021-09-08 14:28:18,777 [    352]   INFO -        #com.intellij.idea.Main - boot library path: /home/matus/.gradle/caches/modules-2/files-2.1/com.jetbrains/jbre/jbr_jcef-11_0_11-linux-x64-b1504.16/extracted/jbr/lib 
2021-09-08 14:28:18,855 [    430]   INFO -        #com.intellij.idea.Main - locale=en_US JNU=UTF-8 file.encoding=UTF-8
  idea.config.path=/home/matus/pantheon/intellij-yang/build/idea-sandbox/config
  idea.system.path=/home/matus/pantheon/intellij-yang/build/idea-sandbox/system
  idea.plugins.path=/home/matus/pantheon/intellij-yang/build/idea-sandbox/plugins
  idea.log.path=/home/matus/pantheon/intellij-yang/build/idea-sandbox/system/log 
2021-09-08 14:28:18,870 [    445]   INFO -        #com.intellij.idea.Main - CPU cores: 4; ForkJoinPool.commonPool: java.util.concurrent.ForkJoinPool@372c14d4[Running, parallelism = 3, size = 3, active = 3, running = 3, steals = 0, tasks = 0, submissions = 1]; factory: com.intellij.concurrency.IdeaForkJoinWorkerThreadFactory@6547ae9c 
2021-09-08 14:28:19,001 [    576]   INFO -        #com.intellij.idea.Main - JNA library (64-bit) loaded in 117 ms 
2021-09-08 14:28:19,335 [    910]   INFO - llij.ide.plugins.PluginManager - Plugin PluginDescriptor(name=Groovy, id=org.intellij.groovy, descriptorPath=plugin.xml, path=~/.gradle/caches/modules-2/files-2.1/com.jetbrains.intellij.idea/ideaIC/2021.2.1/fb8e0c8f941235e03802029fb64f458df3d2823c/ideaIC-2021.2.1/plugins/Groovy, version=212.5080.55, package=org.jetbrains.plugins.groovy) misses optional descriptor duplicates-groovy.xml 
2021-09-08 14:28:19,337 [    912]   INFO - llij.ide.plugins.PluginManager - Plugin PluginDescriptor(name=Groovy, id=org.intellij.groovy, descriptorPath=plugin.xml, path=~/.gradle/caches/modules-2/files-2.1/com.jetbrains.intellij.idea/ideaIC/2021.2.1/fb8e0c8f941235e03802029fb64f458df3d2823c/ideaIC-2021.2.1/plugins/Groovy, version=212.5080.55, package=org.jetbrains.plugins.groovy) misses optional descriptor duplicates-detection-groovy.xml 
2021-09-08 14:28:19,689 [   1264]   INFO - llij.ide.plugins.PluginManager - Loaded bundled plugins: IDEA CORE (212.5080.55), JetBrains maven model api classes (212.5080.55), JetBrains Repository Search (212.5080.55), WSL File System Support (212.5080.55), Dependency Management Api for External Build Tools (212.5080.55), Configuration Script (212.5080.55), Emoji Picker (212.5080.55), Windows 10 Light Theme (212.5080.55), Machine Learning Code Completion (212.5080.55), Perforce Helix Core (212.5080.55), Terminal (212.5080.55), IDE Features Trainer (212.5080.55), Smali Support (212.5080.55), Subversion (212.5080.55), Settings Repository (212.5080.55), Git (212.5080.55), IDE Features Trainer: Git Lessons (212.5080.55), ChangeReminder (212.5080.55), XPathView + XSLT (212.5080.55), XSLT Debugger (212.5080.55), WebP Support (212.5080.55), YAML (212.5080.55), macOS Light Theme (212.5080.55), TextMate Bundles (212.5080.55), Mercurial (212.5080.55), Copyright (212.5080.55), Shell Script (212.5080.55), Properties (212.5080.55), Gradle (212.5080.55), EditorConfig (212.5080.55), Images (212.5080.55), Java (212.5080.55), Java Internationalization (212.5080.55), UI Designer (212.5080.55), Eclipse Interoperability (212.5080.55), Code With Me (212.5080.55), Java Stream Debugger (212.5080.55), JUnit (212.5080.55), Shared Indexes (212.5080.55), Task Management (212.5080.55), JavaFX (212.5080.55), Ant (212.5080.55), Bytecode Viewer (212.5080.55), Java Bytecode Decompiler (212.5080.55), Lombok (212.5080.55), IntelliLang (212.5080.55), Groovy (212.5080.55), Maven (212.5080.55), TestNG (212.5080.55), Code Coverage for Java (212.5080.55), Gradle-Java (212.5080.55), Gradle-Maven (212.5080.55), Plugin DevKit (212.5080.55), Markdown (212.5080.55), Grazie (212.5080.55), Kotlin (212-1.5.10-release-IJ5080.55), Gradle DSL API (212.5080.55), Gradle Dependency Updater Implementation (212.5080.55), Android (10.4.2.212.5080.55), Space (212.5080.55), GitHub (212.5080.55), Java IDE Customization (212.5080.55), Package Search (212.5080.55), JetBrains Marketplace Licensing Support (212.5080.55) 
2021-09-08 14:28:19,689 [   1264]   INFO - llij.ide.plugins.PluginManager - Loaded custom plugins: Yang Language Plugin (1.0-SNAPSHOT) 
2021-09-08 14:28:19,891 [   1466]   INFO -        #com.intellij.idea.Main - WM detected: GNOME Shell 
2021-09-08 14:28:21,017 [   2592]   INFO - ication.options.PathMacrosImpl - Loaded path macros: {MAVEN_REPOSITORY=/home/matus/.m2/repository, KOTLIN_BUNDLED=/home/matus/.gradle/caches/modules-2/files-2.1/com.jetbrains.intellij.idea/ideaIC/2021.2.1/fb8e0c8f941235e03802029fb64f458df3d2823c/ideaIC-2021.2.1/plugins/Kotlin/kotlinc} 
2021-09-08 14:28:21,234 [   2809]   INFO - intellij.util.io.FilePageCache - lower=100; upper=492; buffer=10; max=492 
2021-09-08 14:28:21,373 [   2948]   INFO - til.net.ssl.CertificateManager - Default SSL context initialized 
2021-09-08 14:28:21,410 [   2985]   INFO - intellij.diagnostic.JitWatcher - JIT compilation state checking enabled 
2021-09-08 14:28:21,537 [   3112]   INFO - lij.diagnostic.DebugLogManager - Set TRACE for the following categories: #com.jetbrains.rdserver.requests, #com.jetbrains.rd.ide.document, #com.jetbrains.rdserver.document, #com.jetbrains.rdserver.editors, #com.jetbrains.rdserver.actions, #com.jetbrains.rdserver.permissions 
2021-09-08 14:28:21,671 [   3246]   INFO - rains.ide.BuiltInServerManager - built-in server started, port 63343 
2021-09-08 14:28:21,703 [   3278]   WARN - j.internal.DebugAttachDetector - Unable to start DebugAttachDetector, please add `--add-exports java.base/jdk.internal.vm=ALL-UNNAMED` to VM options 
2021-09-08 14:28:21,838 [   3413]   INFO - penapi.application.Experiments - Experimental features enabled for user: wsl.p9.support, wsl.prefer.p9.support, wsl.p9.show.roots.in.file.chooser, wsl.execute.with.wsl.exe, linux.native.menu, recent.and.edited.files.together, show.create.new.element.in.popup, search.everywhere.mixed.results, editor.reader.mode, new.large.text.file.viewer, wsl.fsd.content.loader, terminal.shell.command.handling 
2021-09-08 14:28:22,128 [   3703]   INFO - penapi.wm.impl.GlobalMenuLinux - Start glib main loop in thread: GlobalMenuLinux loop 
2021-09-08 14:28:22,145 [   3720]   INFO - BridgeArtifactManagerRedefiner - Using workspace model to open project 
2021-09-08 14:28:22,148 [   3723]   INFO - penapi.wm.impl.GlobalMenuLinux - Closed dbus-service 'com.canonical.AppMenu.Registrar' 
2021-09-08 14:28:22,447 [   4022]   INFO - impl.SharedIndexMainZipStorage - Shared Indexes Storage is opened and empty 
2021-09-08 14:28:22,796 [   4371]   INFO - pl.local.NativeFileWatcherImpl - Starting file watcher: /home/matus/.gradle/caches/modules-2/files-2.1/com.jetbrains.intellij.idea/ideaIC/2021.2.1/fb8e0c8f941235e03802029fb64f458df3d2823c/ideaIC-2021.2.1/bin/linux/fsnotifier 
2021-09-08 14:28:22,820 [   4395]   INFO - penapi.wm.impl.GlobalMenuLinux - created instance of GlobalMenuLinux for xid=0x400002e 
2021-09-08 14:28:22,846 [   4421]   INFO - pl.local.NativeFileWatcherImpl - Native file watcher is operational. 
2021-09-08 14:28:22,872 [   4447]   WARN - l.NotificationGroupManagerImpl - Notification group CodeWithMe is already registered (group=com.intellij.notification.NotificationGroup@1b9dfbdd). Plugin descriptor: PluginDescriptor(name=Code With Me, id=com.jetbrains.codeWithMe, descriptorPath=plugin.xml, path=~/.gradle/caches/modules-2/files-2.1/com.jetbrains.intellij.idea/ideaIC/2021.2.1/fb8e0c8f941235e03802029fb64f458df3d2823c/ideaIC-2021.2.1/plugins/cwm-plugin, version=212.5080.55, package=null) 
2021-09-08 14:28:23,812 [   5387]   INFO - el.ide.impl.WorkspaceModelImpl - Load workspace model from cache in 1500 ms 
2021-09-08 14:28:24,216 [   5791]   INFO - rojectCodeStyleSettingsManager - Initialized from default code style settings. 
2021-09-08 14:28:24,644 [   6219]   INFO - ins.rd.platform.codeWithMe.a.b - sessionStatus: null 
2021-09-08 14:28:24,652 [   6227]   INFO - ins.rd.platform.codeWithMe.a.b - freeSessionRemainingTimeMs: null null 
2021-09-08 14:28:24,906 [   6481]   INFO - leBasedIndexDataInitialization - Index data initialization done: 3095 ms. Initialized indexes: [FilenameIndex, FrameworkDetectionIndex, TodoIndex, IdIndex, filetypes, Stubs, Trigram.Index, fileIncludes, DomFileIndex, RelaxSymbolIndex, XmlTagNames, XmlNamespaces, html5.custom.attributes.index, SchemaTypeInheritance, json.file.root.values, XsltSymbolIndex, yaml.keys.name, xmlProperties, editorconfig.index.name, bytecodeAnalysis, java.auto.module.name, java.source.module.name, java.null.method.argument, java.fun.expression, java.binary.plus.expression, com.intellij.uiDesigner.FormClassIndex, JavaFxControllerClassIndex, javafx.id.name, javafx.custom.component, ant-imports, LombokConfigIndex, groovy.trait.fields, groovy.trait.methods, IdeaPluginRegistrationIndex, PluginIdModuleIndex, PluginIdDependenciesIndex, devkit.ExtensionPointIndex, devkit.ExtensionPointClassIndex, org.jetbrains.kotlin.idea.versions.KotlinJvmMetadataVersionIndex, org.jetbrains.kotlin.idea.versions.KotlinJsMetadataVersionIndex, org.jetbrains.kotlin.idea.vfilefinder.KotlinClassFileIndex, org.jetbrains.kotlin.idea.vfilefinder.KotlinJavaScriptMetaFileIndex, org.jetbrains.kotlin.idea.vfilefinder.KotlinMetadataFileIndex, org.jetbrains.kotlin.idea.vfilefinder.KotlinMetadataFilePackageIndex, org.jetbrains.kotlin.idea.vfilefinder.KotlinModuleMappingIndex, org.jetbrains.kotlin.idea.vfilefinder.KotlinPackageSourcesMemberNamesIndex, org.jetbrains.kotlin.idea.vfilefinder.KotlinJvmModuleAnnotationsIndex, org.jetbrains.kotlin.idea.vfilefinder.KotlinBuiltInsMetadataIndex, org.jetbrains.kotlin.idea.vfilefinder.KotlinStdlibIndex, org.jetbrains.kotlin.idea.vfilefinder.KlibMetaFileIndex, com.android.tools.idea.model.AndroidManifestIndex$Companion$NAME$1.NAME, BindingXmlIndex, MlModelFileIndex, NavXmlIndex]. 
2021-09-08 14:28:25,004 [   6579]   INFO - tests.impl.DistributedTestHost - Host address=localhost/127.0.0.1 
2021-09-08 14:28:25,048 [   6623]   INFO - exImpl$StubIndexInitialization - Index data initialization done: 142 ms. Initialized stub indexes: {gr.method.name, java.anonymous.baseref, org.jetbrains.kotlin.idea.stubindex.KotlinProbablyNothingPropertyShortNameIndex, org.jetbrains.kotlin.idea.stubindex.KotlinTopLevelFunctionByPackageIndex, org.jetbrains.kotlin.idea.stubindex.KotlinTopLevelPropertyByPackageIndex, org.jetbrains.kotlin.idea.stubindex.KotlinOverridableInternalMembersShortNameIndex, gr.annot.method.name, org.jetbrains.kotlin.idea.stubindex.KotlinScriptFqnIndex, gr.field.name, java.method.parameter.types, dom.namespaceKey, jvm.static.member.type, dom.elementClass, java.class.shortname, java.field.name, gr.class.super, java.module.name, org.jetbrains.kotlin.idea.stubindex.KotlinFullClassNameIndex, markdown.header, org.jetbrains.kotlin.idea.stubindex.KotlinFileFacadeClassByPackageIndex, org.jetbrains.kotlin.idea.stubindex.KotlinFilePartClassIndex, gr.anonymous.class, gr.script.class, org.jetbrains.kotlin.idea.stubindex.KotlinFileFacadeShortNameIndex, java.class.extlist, java.class.fqn, gr.class.fqn, java.method.name, jvm.static.member.name, properties.index, java.annotations, gr.script.fqn, org.jetbrains.kotlin.idea.stubindex.KotlinMultifileClassPartIndex, gr.annot.members, org.jetbrains.kotlin.idea.stubindex.KotlinJvmNameAnnotationIndex, org.jetbrains.kotlin.idea.stubindex.KotlinExactPackagesIndex, org.jetbrains.kotlin.idea.stubindex.KotlinTopLevelTypeAliasByPackageIndex, org.jetbrains.kotlin.idea.stubindex.KotlinProbablyContractedFunctionShortNameIndex, org.jetbrains.kotlin.idea.stubindex.KotlinFileFacadeFqNameIndex, org.jetbrains.kotlin.idea.stubindex.KotlinTopLevelClassByPackageIndex, org.jetbrains.kotlin.idea.stubindex.KotlinTypeAliasShortNameIndex, org.jetbrains.kotlin.idea.stubindex.KotlinFunctionShortNameIndex, org.jetbrains.kotlin.idea.stubindex.KotlinSuperClassIndex, org.jetbrains.kotlin.idea.stubindex.KotlinPropertyShortNameIndex, org.jetbrains.kotlin.idea.stubindex.KotlinClassShortNameIndex, org.jetbrains.kotlin.idea.stubindex.KotlinProbablyNothingFunctionShortNameIndex, org.jetbrains.kotlin.idea.stubindex.KotlinAnnotationsIndex, org.jetbrains.kotlin.idea.stubindex.KotlinTopLevelFunctionFqnNameIndex, org.jetbrains.kotlin.idea.stubindex.KotlinTopLevelPropertyFqnNameIndex, org.jetbrains.kotlin.idea.stubindex.KotlinTopLevelTypeAliasFqNameIndex, org.jetbrains.kotlin.idea.stubindex.KotlinExtensionsInObjectsByReceiverTypeIndex, org.jetbrains.kotlin.idea.stubindex.KotlinTopLevelExtensionsByReceiverTypeIndex, org.jetbrains.kotlin.idea.stubindex.KotlinTypeAliasByExpansionShortNameIndex}. 
2021-09-08 14:28:25,405 [   6980]   INFO - lij.diagnostic.DebugLogManager - Set TRACE for the following categories: #com.jetbrains.rdserver.requests, #com.jetbrains.rd.ide.document, #com.jetbrains.rdserver.document, #com.jetbrains.rdserver.editors, #com.jetbrains.rdserver.actions, #com.jetbrains.rdserver.permissions 
2021-09-08 14:28:25,696 [   7271]   INFO - ar.ExperimentalToolbarSettings - Loading old state, main toolbar: false navBar true 
2021-09-08 14:28:27,161 [   8736]  DEBUG - BackendServerFileEditorManager - Opening host editor for /home/matus/pantheon/testujeme/src/com/company/testingFile.yang 
2021-09-08 14:28:29,444 [  11019]   INFO - ings.impl.UpdateCheckerService - channel: release 
2021-09-08 14:28:30,677 [  12252]   INFO - erver.followMe.FollowMeManager - Register new user 0:'matus' with ClientId=ClientId(value=Host) 
2021-09-08 14:28:30,771 [  12346]   INFO - ion.DelayedProjectSynchronizer - Workspace model loaded from cache. Syncing real project state into workspace model in 1236 ms. Thread[JobScheduler FJ pool 2/3,4,main] 
2021-09-08 14:28:31,257 [  12832]   INFO - ge.ExternalProjectsDataStorage - Load external projects data in 19 millis (read time: 4) 
2021-09-08 14:28:31,483 [  13058]   INFO - roject.DumbServiceGuiTaskQueue - Running dumb mode task: OnDiskSharedIndexChunkLocator 
2021-09-08 14:28:31,507 [  13082]   INFO - roject.DumbServiceGuiTaskQueue - Running dumb mode task: UnindexedFilesUpdater[testujeme] 
2021-09-08 14:28:31,536 [  13111]   INFO - ij.psi.search.LogFileTypeIndex - Loading file type index snapshot 
2021-09-08 14:28:31,643 [  13218]   INFO - indexing.UnindexedFilesUpdater - Started indexing of testujeme. Reason: On project open 
2021-09-08 14:28:31,657 [  13232]   INFO - ramework.util.RdCoroutineScope - RdCoroutineHost overridden 
2021-09-08 14:28:31,665 [  13240]   INFO - indexing.UnindexedFilesUpdater - Performing delayed pushing properties tasks for testujeme took 1ms; general responsiveness: ok; EDT responsiveness: ok 
2021-09-08 14:28:31,789 [  13364]   INFO - indexing.UnindexedFilesUpdater - Scanning of testujeme uses 3 scanning threads 
2021-09-08 14:28:33,487 [  15062]   INFO - ProjectRootPostStartUpActivity - /home/matus/pantheon/testujeme/.idea case-sensitivity: expected=true actual=true 
2021-09-08 14:28:34,100 [  15675]   INFO - j.ide.script.IdeStartupScripts - 0 startup script(s) found 
2021-09-08 14:28:34,139 [  15714]   INFO - .diagnostic.PerformanceWatcher - Post-startup activities under progress took 4703ms; general responsiveness: ok; EDT responsiveness: 2/5 sluggish, 2/5 very slow 
2021-09-08 14:28:35,340 [  16915]   INFO - rationStore.ComponentStoreImpl - Saving appFileTypeManager took 23 ms 
2021-09-08 14:28:35,849 [  17424]   INFO - rationStore.ComponentStoreImpl - Saving Project(name=testujeme, containerState=COMPONENT_CREATED, componentStore=/home/matus/pantheon/testujeme)ChangesViewManager took 13 ms, CompilerConfiguration took 12 ms, ExternalProjectsManager took 11 ms, KotlinCommonCompilerArguments took 24 ms, RunManager took 13 ms, ServiceViewManager took 12 ms 
2021-09-08 14:28:36,566 [  18141]   INFO - erver.followMe.FollowMeManager - Unregister user 0:'matus' with ClientId=ClientId(value=Host) 
2021-09-08 14:28:36,637 [  18212]   INFO - indexing.UnindexedFilesUpdater - Cancelled indexing of testujeme 
2021-09-08 14:28:36,637 [  18212]   INFO - ij.psi.search.LogFileTypeIndex - File type index snapshot dropped 
2021-09-08 14:28:36,660 [  18235]   INFO - ramework.util.RdCoroutineScope - RdCoroutineHost has been reset 
2021-09-08 14:28:36,674 [  18249]   INFO - ramework.util.RdCoroutineScope - RdCoroutineHost disposed 
2021-09-08 14:28:36,697 [  18272]   INFO - pl.local.NativeFileWatcherImpl - Watcher terminated with exit code 0 
2021-09-08 14:28:36,702 [  18277]   INFO - org.jetbrains.io.BuiltInServer - web server stopped 
2021-09-08 14:28:36,763 [  18338]   INFO - .impl.FileTypeDetectionService - 0 auto-detected files. Detection took 0 ms 
2021-09-08 14:28:36,764 [  18339]   INFO - stubs.SerializationManagerImpl - Start shutting down /home/matus/pantheon/intellij-yang/build/idea-sandbox/system/index/rep.names 
2021-09-08 14:28:36,768 [  18343]   INFO - stubs.SerializationManagerImpl - Finished shutting down /home/matus/pantheon/intellij-yang/build/idea-sandbox/system/index/rep.names 
2021-09-08 14:28:36,769 [  18344]   INFO - il.indexing.FileBasedIndexImpl - START INDEX SHUTDOWN 
2021-09-08 14:28:36,943 [  18518]   INFO - tellij.psi.stubs.StubIndexImpl - StubIndexExtension-s were unloaded 
2021-09-08 14:28:37,168 [  18743]   INFO - il.indexing.FileBasedIndexImpl - END INDEX SHUTDOWN 
2021-09-08 14:28:37,169 [  18744]   INFO - newvfs.persistent.PersistentFS - VFS dispose started 
2021-09-08 14:28:37,185 [  18760]   INFO - newvfs.persistent.PersistentFS - VFS dispose completed 
2021-09-08 14:28:37,215 [  18790]   INFO -        #com.intellij.idea.Main - ------------------------------------------------------ IDE SHUTDOWN ------------------------------------------------------ 
2021-09-08 14:28:37,230 [  18805]   INFO - org.jetbrains.io.BuiltInServer - web server stopped 
